TN:
SF:src\app\Launcher.ts
FN:3,(anonymous_0)
FN:7,Launcher
FN:10,(anonymous_2)
FNF:3
FNH:3
FNDA:1,(anonymous_0)
FNDA:3,Launcher
FNDA:1,(anonymous_2)
DA:1,1
DA:3,1
DA:8,3
DA:10,1
DA:11,1
DA:13,1
DA:15,1
LF:7
LH:7
BRF:0
BRH:0
end_of_record
TN:
SF:src\app\Authorization\Authorizer.ts
FN:6,(anonymous_13)
FN:11,Authorizer
FN:18,(anonymous_15)
FN:37,(anonymous_18)
FN:55,(anonymous_21)
FN:59,(anonymous_22)
FNF:6
FNH:6
FNDA:2,(anonymous_13)
FNDA:7,Authorizer
FNDA:2,(anonymous_15)
FNDA:3,(anonymous_18)
FNDA:1,(anonymous_21)
FNDA:1,(anonymous_22)
DA:1,2
DA:2,2
DA:3,2
DA:6,2
DA:11,8
DA:12,8
DA:14,7
DA:15,7
DA:18,2
DA:19,2
DA:22,3
DA:23,1
DA:30,2
DA:31,1
DA:33,1
DA:37,2
DA:38,3
DA:39,3
DA:40,1
DA:44,2
DA:45,1
DA:49,1
DA:55,2
DA:56,1
DA:59,2
DA:60,1
DA:62,2
LF:27
LH:27
BRDA:11,0,0,1
BRDA:12,1,0,1
BRDA:19,2,0,2
BRDA:19,2,1,1
BRDA:22,3,0,1
BRDA:38,4,0,3
BRDA:39,5,0,1
BRDA:39,5,1,2
BRDA:39,6,0,3
BRDA:39,6,1,2
BRDA:44,7,0,1
BRF:11
BRH:11
end_of_record
TN:
SF:src\app\Authorization\SessionTokenDBAccess.ts
FN:4,(anonymous_13)
FN:8,SessionTokenDBAccess
FN:13,(anonymous_15)
FN:14,(anonymous_18)
FN:15,(anonymous_19)
FN:25,(anonymous_20)
FN:26,(anonymous_23)
FN:27,(anonymous_24)
FN:41,(anonymous_25)
FN:42,(anonymous_28)
FN:43,(anonymous_29)
FNF:11
FNH:8
FNDA:3,(anonymous_13)
FNDA:7,SessionTokenDBAccess
FNDA:2,(anonymous_15)
FNDA:2,(anonymous_18)
FNDA:2,(anonymous_19)
FNDA:3,(anonymous_20)
FNDA:3,(anonymous_23)
FNDA:3,(anonymous_24)
FNDA:0,(anonymous_25)
FNDA:0,(anonymous_28)
FNDA:0,(anonymous_29)
DA:2,3
DA:4,3
DA:8,8
DA:9,7
DA:10,7
DA:13,3
DA:14,2
DA:15,2
DA:16,2
DA:17,1
DA:19,1
DA:25,3
DA:26,3
DA:27,3
DA:28,3
DA:29,1
DA:31,2
DA:32,1
DA:34,1
DA:41,3
DA:42,0
DA:43,0
DA:44,0
DA:45,0
DA:47,0
DA:48,0
DA:50,0
DA:56,3
LF:28
LH:21
BRDA:8,0,0,1
BRDA:16,1,0,1
BRDA:16,1,1,1
BRDA:28,2,0,1
BRDA:28,2,1,2
BRDA:31,3,0,1
BRDA:31,3,1,1
BRDA:44,4,0,0
BRDA:44,4,1,0
BRDA:47,5,0,0
BRDA:47,5,1,0
BRF:11
BRH:7
end_of_record
TN:
SF:src\app\Authorization\UserCredentialsDbAccess.ts
FN:4,(anonymous_13)
FN:8,UserCredentialsDbAccess
FN:13,(anonymous_15)
FN:14,(anonymous_18)
FN:15,(anonymous_19)
FN:25,(anonymous_20)
FN:26,(anonymous_23)
FN:27,(anonymous_24)
FN:41,(anonymous_25)
FN:42,(anonymous_28)
FN:46,(anonymous_29)
FNF:11
FNH:8
FNDA:3,(anonymous_13)
FNDA:7,UserCredentialsDbAccess
FNDA:2,(anonymous_15)
FNDA:2,(anonymous_18)
FNDA:2,(anonymous_19)
FNDA:3,(anonymous_20)
FNDA:3,(anonymous_23)
FNDA:3,(anonymous_24)
FNDA:0,(anonymous_25)
FNDA:0,(anonymous_28)
FNDA:0,(anonymous_29)
DA:1,3
DA:4,3
DA:8,8
DA:9,7
DA:10,7
DA:13,3
DA:14,2
DA:15,2
DA:16,2
DA:17,1
DA:19,1
DA:25,3
DA:26,3
DA:27,3
DA:28,3
DA:29,1
DA:31,2
DA:32,1
DA:34,1
DA:41,3
DA:42,0
DA:43,0
DA:47,0
DA:48,0
DA:49,0
DA:50,0
DA:52,0
DA:60,3
LF:28
LH:21
BRDA:8,0,0,1
BRDA:16,1,0,1
BRDA:16,1,1,1
BRDA:28,2,0,1
BRDA:28,2,1,2
BRDA:31,3,0,1
BRDA:31,3,1,1
BRDA:47,4,0,0
BRDA:47,4,1,0
BRDA:49,5,0,0
BRDA:49,5,1,0
BRF:11
BRH:7
end_of_record
TN:
SF:src\app\Data\UsersDBAccess.ts
FN:4,(anonymous_13)
FN:8,UsersDBAccess
FN:13,(anonymous_15)
FN:14,(anonymous_18)
FN:15,(anonymous_19)
FN:25,(anonymous_20)
FN:27,(anonymous_23)
FN:28,(anonymous_24)
FNF:8
FNH:8
FNDA:2,(anonymous_13)
FNDA:9,UsersDBAccess
FNDA:2,(anonymous_15)
FNDA:2,(anonymous_18)
FNDA:2,(anonymous_19)
FNDA:2,(anonymous_20)
FNDA:2,(anonymous_23)
FNDA:2,(anonymous_24)
DA:1,2
DA:4,2
DA:8,13
DA:9,9
DA:10,9
DA:13,2
DA:14,2
DA:15,2
DA:16,2
DA:17,1
DA:19,1
DA:25,2
DA:26,2
DA:27,2
DA:28,2
DA:29,2
DA:30,1
DA:32,1
DA:37,2
LF:19
LH:19
BRDA:8,0,0,4
BRDA:16,1,0,1
BRDA:16,1,1,1
BRDA:29,2,0,1
BRDA:29,2,1,1
BRF:5
BRH:5
end_of_record
TN:
SF:src\app\Handlers\DataHandler.ts
FN:6,(anonymous_13)
FN:13,DataHandler
FN:20,(anonymous_15)
FN:33,(anonymous_18)
FN:37,(anonymous_21)
FN:60,(anonymous_24)
FNF:6
FNH:6
FNDA:2,(anonymous_13)
FNDA:7,DataHandler
FNDA:7,(anonymous_15)
FNDA:1,(anonymous_18)
FNDA:5,(anonymous_21)
FNDA:5,(anonymous_24)
DA:2,2
DA:3,2
DA:6,2
DA:14,7
DA:15,7
DA:16,7
DA:17,7
DA:20,2
DA:21,7
DA:22,1
DA:23,2
DA:24,1
DA:25,5
DA:26,10
DA:27,5
DA:29,1
DA:33,2
DA:34,1
DA:37,2
DA:39,5
DA:40,6
DA:41,2
DA:42,3
DA:43,1
DA:44,1
DA:45,1
DA:47,1
DA:48,1
DA:51,2
DA:52,2
DA:55,1
DA:56,1
DA:60,2
DA:61,5
DA:62,6
DA:63,4
DA:64,3
DA:65,2
DA:67,1
DA:70,1
DA:74,2
LF:41
LH:41
BRDA:23,0,0,1
BRDA:23,0,1,5
BRDA:23,0,2,1
BRDA:22,1,0,1
BRDA:22,1,1,5
BRDA:40,2,0,2
BRDA:42,3,0,1
BRDA:70,4,0,1
BRDA:62,5,0,1
BRDA:64,6,0,2
BRDA:64,6,1,1
BRF:11
BRH:11
end_of_record
TN:
SF:src\app\Handlers\LoginHandler.ts
FN:6,(anonymous_13)
FN:12,LoginHandler
FN:18,(anonymous_15)
FN:31,(anonymous_18)
FN:35,(anonymous_21)
FNF:5
FNH:5
FNDA:2,(anonymous_13)
FNDA:5,LoginHandler
FNDA:5,(anonymous_15)
FNDA:1,(anonymous_18)
FNDA:3,(anonymous_21)
DA:3,2
DA:4,2
DA:6,2
DA:13,5
DA:14,5
DA:15,5
DA:18,2
DA:19,5
DA:20,1
DA:21,2
DA:22,1
DA:23,3
DA:24,6
DA:25,3
DA:27,1
DA:31,2
DA:32,1
DA:35,2
DA:37,3
DA:38,2
DA:39,2
DA:40,1
DA:41,1
DA:42,1
DA:44,1
DA:45,1
DA:48,1
DA:49,1
DA:52,2
LF:29
LH:29
BRDA:21,0,0,1
BRDA:21,0,1,3
BRDA:21,0,2,1
BRDA:20,1,0,1
BRDA:20,1,1,3
BRDA:39,2,0,1
BRDA:39,2,1,1
BRF:7
BRH:7
end_of_record
TN:
SF:src\app\Models\ServerModels.ts
FN:21,(anonymous_0)
FN:27,(anonymous_1)
FN:51,(anonymous_2)
FN:60,(anonymous_3)
FNF:4
FNH:4
FNDA:6,(anonymous_0)
FNDA:6,(anonymous_1)
FNDA:6,(anonymous_2)
FNDA:6,(anonymous_3)
DA:21,6
DA:22,6
DA:23,6
DA:24,6
DA:27,6
DA:28,6
DA:29,6
DA:30,6
DA:31,6
DA:51,6
DA:52,6
DA:53,6
DA:54,6
DA:55,6
DA:56,6
DA:57,6
DA:60,6
DA:61,6
DA:62,6
DA:63,6
DA:64,6
DA:65,6
LF:22
LH:22
BRDA:21,0,0,6
BRDA:21,0,1,6
BRDA:27,1,0,6
BRDA:27,1,1,6
BRDA:51,2,0,6
BRDA:51,2,1,6
BRDA:60,3,0,6
BRDA:60,3,1,6
BRF:8
BRH:8
end_of_record
TN:
SF:src\app\Models\UserModels.ts
FN:9,(anonymous_0)
FNF:1
FNH:1
FNDA:2,(anonymous_0)
DA:9,2
DA:10,2
DA:11,2
DA:12,2
DA:13,2
DA:14,2
LF:6
LH:6
BRDA:9,0,0,2
BRDA:9,0,1,2
BRF:2
BRH:2
end_of_record
TN:
SF:src\app\Server\Server.ts
FN:8,(anonymous_13)
FN:13,(anonymous_15)
FN:14,(anonymous_16)
FN:14,(anonymous_17)
FN:32,(anonymous_19)
FNF:5
FNH:5
FNDA:4,(anonymous_13)
FNDA:3,(anonymous_15)
FNDA:3,(anonymous_16)
FNDA:3,(anonymous_17)
FNDA:3,(anonymous_19)
DA:1,1
DA:2,1
DA:3,1
DA:4,1
DA:5,1
DA:6,1
DA:8,1
DA:10,3
DA:11,3
DA:13,3
DA:14,3
DA:15,3
DA:16,3
DA:17,3
DA:18,1
DA:19,2
DA:20,1
DA:21,1
DA:22,2
DA:23,1
DA:25,1
DA:27,3
DA:29,3
DA:32,1
DA:33,3
DA:34,3
DA:35,3
DA:37,1
LF:28
LH:28
BRDA:19,0,0,1
BRDA:19,0,1,1
BRDA:19,0,2,1
BRDA:18,1,0,1
BRDA:18,1,1,1
BRF:5
BRH:5
end_of_record
TN:
SF:src\app\Utils\Utils.ts
FN:4,(anonymous_13)
FN:6,(anonymous_15)
FN:13,(anonymous_16)
FN:27,(anonymous_17)
FN:28,(anonymous_20)
FN:30,(anonymous_21)
FN:33,(anonymous_22)
FN:40,(anonymous_23)
FNF:8
FNH:3
FNDA:6,(anonymous_13)
FNDA:4,(anonymous_15)
FNDA:6,(anonymous_16)
FNDA:0,(anonymous_17)
FNDA:0,(anonymous_20)
FNDA:0,(anonymous_21)
FNDA:0,(anonymous_22)
FNDA:0,(anonymous_23)
DA:1,6
DA:4,6
DA:6,6
DA:7,4
DA:8,0
DA:10,4
DA:13,6
DA:14,6
DA:15,6
DA:16,4
DA:17,4
DA:18,4
DA:20,0
DA:23,2
DA:27,6
DA:28,0
DA:29,0
DA:30,0
DA:31,0
DA:33,0
DA:34,0
DA:35,0
DA:37,0
DA:40,0
DA:41,0
DA:45,6
LF:26
LH:14
BRDA:7,0,0,0
BRDA:15,1,0,4
BRDA:15,1,1,2
BRDA:17,2,0,4
BRDA:17,2,1,0
BRF:5
BRH:3
end_of_record
